[2023-06-28 21:13:45,429: INFO: main: Welcome to my custom log]

[2023-06-30 23:31:54,885: INFO: common: yaml file: config/config.yaml loaded successfully]
[2023-06-30 23:31:54,888: INFO: common: yaml file: params.yaml loaded successfully]
[2023-06-30 23:31:54,890: INFO: common: created directory at: artifacts]
[2023-06-30 23:31:54,895: INFO: common: created directory at: artifacts/data_ingestion]
[2023-07-01 16:28:24,887: INFO: common: yaml file: config/config.yaml loaded successfully]
[2023-07-01 16:28:24,892: INFO: common: yaml file: params.yaml loaded successfully]
[2023-07-01 16:28:24,895: INFO: common: created directory at: artifacts]
[2023-07-01 16:28:24,897: INFO: common: created directory at: artifacts/data_ingestion]
[2023-07-01 16:28:25,999: INFO: 3208913335: artifacts/data_ingestion/data.zip download! with following info: 
Server: GitHub.com
Date: Sat, 01 Jul 2023 10:58:25 GMT
Content-Type: text/html; charset=utf-8
Vary: X-PJAX, X-PJAX-Container, Turbo-Visit, Turbo-Frame, Accept-Encoding, Accept, X-Requested-With
ETag: W/"18ae010f37b151da63620066c749cf06"
Cache-Control: max-age=0, private, must-revalidate
Strict-Transport-Security: max-age=31536000; includeSubdomains; preload
X-Frame-Options: deny
X-Content-Type-Options: nosniff
X-XSS-Protection: 0
Referrer-Policy: no-referrer-when-downgrade
Content-Security-Policy: default-src 'none'; base-uri 'self'; block-all-mixed-content; child-src github.com/assets-cdn/worker/ gist.github.com/assets-cdn/worker/; connect-src 'self' uploads.github.com objects-origin.githubusercontent.com www.githubstatus.com collector.github.com raw.githubusercontent.com api.github.com github-cloud.s3.amazonaws.com github-production-repository-file-5c1aeb.s3.amazonaws.com github-production-upload-manifest-file-7fdce7.s3.amazonaws.com github-production-user-asset-6210df.s3.amazonaws.com cdn.optimizely.com logx.optimizely.com/v1/events *.actions.githubusercontent.com productionresultssa0.blob.core.windows.net/ productionresultssa1.blob.core.windows.net/ productionresultssa2.blob.core.windows.net/ productionresultssa3.blob.core.windows.net/ productionresultssa4.blob.core.windows.net/ wss://*.actions.githubusercontent.com github-production-repository-image-32fea6.s3.amazonaws.com github-production-release-asset-2e65be.s3.amazonaws.com insights.github.com wss://alive.github.com; font-src github.githubassets.com; form-action 'self' github.com gist.github.com objects-origin.githubusercontent.com; frame-ancestors 'none'; frame-src viewscreen.githubusercontent.com notebooks.githubusercontent.com; img-src 'self' data: github.githubassets.com media.githubusercontent.com camo.githubusercontent.com identicons.github.com avatars.githubusercontent.com github-cloud.s3.amazonaws.com objects.githubusercontent.com objects-origin.githubusercontent.com secured-user-images.githubusercontent.com/ user-images.githubusercontent.com/ private-user-images.githubusercontent.com opengraph.githubassets.com github-production-user-asset-6210df.s3.amazonaws.com customer-stories-feed.github.com spotlights-feed.github.com *.githubusercontent.com; manifest-src 'self'; media-src github.com user-images.githubusercontent.com/ secured-user-images.githubusercontent.com/ private-user-images.githubusercontent.com; script-src github.githubassets.com; style-src 'unsafe-inline' github.githubassets.com; worker-src github.com/assets-cdn/worker/ gist.github.com/assets-cdn/worker/
Set-Cookie: _gh_sess=A88W3erLsCNEiw2aFbibsxs4cU8NjrxAoFB7APNpDKoagn%2FbVwDmRKX5AlXYeeIf%2FOSzU%2FyZtrwskQB1CYOE7tgVR0oQVid5Jv7MMKBa5UNijQWIJtzWniZD4xZHuA6%2FJowGQGfGlZGhK4jcw9K1xeSBM9Rola0Pk%2BvxPECpNklStHsvkF10EB7k29GvFf7mdxsrGQj8dSfZmUrVUs0p437kzzgDGwpz47LFQ05UGD71d3P0WOaYjda%2BUAXFdgw6r9916TZrSCSthuPPSWvEOg%3D%3D--6hEW0gnAE8ekahi2--Zax5Ad%2FZWzO9bBjgCZU49w%3D%3D; Path=/; HttpOnly; Secure; SameSite=Lax
Set-Cookie: _octo=GH1.1.979655262.1688209105; Path=/; Domain=github.com; Expires=Mon, 01 Jul 2024 10:58:25 GMT; Secure; SameSite=Lax
Set-Cookie: logged_in=no; Path=/; Domain=github.com; Expires=Mon, 01 Jul 2024 10:58:25 GMT; HttpOnly; Secure; SameSite=Lax
Accept-Ranges: bytes
Transfer-Encoding: chunked
X-GitHub-Request-Id: A4EE:C28DD:BC96AB:D320C2:64A006D1
connection: close

]

[2023-07-01 17:42:20,793: INFO: common: yaml file: config/config.yaml loaded successfully]
[2023-07-01 17:42:20,796: INFO: common: yaml file: params.yaml loaded successfully]
[2023-07-01 17:42:20,797: INFO: common: created directory at: artifacts]
[2023-07-01 17:42:20,799: INFO: common: created directory at: artifacts/data_ingestion]
[2023-07-01 17:42:37,880: INFO: 3208913335: artifacts/data_ingestion/data.zip download! with following info: 
Connection: close
Content-Length: 35711581
Cache-Control: max-age=300
Content-Security-Policy: default-src 'none'; style-src 'unsafe-inline'; sandbox
Content-Type: application/zip
ETag: "3a994f41905befa2866210b231d9785d57ca364283d97416d90e6131806b41d9"
Strict-Transport-Security: max-age=31536000
X-Content-Type-Options: nosniff
X-Frame-Options: deny
X-XSS-Protection: 1; mode=block
X-GitHub-Request-Id: 0C0C:313A:5681B3:65CC13:64A01823
Accept-Ranges: bytes
Date: Sat, 01 Jul 2023 12:12:23 GMT
Via: 1.1 varnish
X-Served-By: cache-bom4725-BOM
X-Cache: MISS
X-Cache-Hits: 0
X-Timer: S1688213541.291116,VS0,VE2424
Vary: Authorization,Accept-Encoding,Origin
Access-Control-Allow-Origin: *
Cross-Origin-Resource-Policy: cross-origin
X-Fastly-Request-ID: 699706cdd2bf8e4b220d7a2ab1b3d219cec3ea6c
Expires: Sat, 01 Jul 2023 12:17:23 GMT
Source-Age: 2

]
[2023-07-01 20:50:30,632: INFO: main: >>>>>> stage Data Ingestion Stage started <<<<<<]
[2023-07-01 20:50:30,635: INFO: common: yaml file: config/config.yaml loaded successfully]
[2023-07-01 20:50:30,637: INFO: common: yaml file: params.yaml loaded successfully]
[2023-07-01 20:50:30,637: INFO: common: created directory at: artifacts]
[2023-07-01 20:50:30,637: INFO: common: created directory at: artifacts/data_ingestion]
[2023-07-01 20:50:43,711: INFO: data_ingestion: artifacts/data_ingestion/data.zip download! with following info: 
Connection: close
Content-Length: 35706425
Cache-Control: max-age=300
Content-Security-Policy: default-src 'none'; style-src 'unsafe-inline'; sandbox
Content-Type: application/zip
ETag: "cc934fef5322aabe35a86743899cb1c8855b354fdccb3ec9c043988bc89e923d"
Strict-Transport-Security: max-age=31536000
X-Content-Type-Options: nosniff
X-Frame-Options: deny
X-XSS-Protection: 1; mode=block
X-GitHub-Request-Id: 6BA6:13BB:765B6:8A97D:64A0443E
Accept-Ranges: bytes
Date: Sat, 01 Jul 2023 15:20:33 GMT
Via: 1.1 varnish
X-Served-By: cache-bom4737-BOM
X-Cache: MISS
X-Cache-Hits: 0
X-Timer: S1688224831.400422,VS0,VE2005
Vary: Authorization,Accept-Encoding,Origin
Access-Control-Allow-Origin: *
Cross-Origin-Resource-Policy: cross-origin
X-Fastly-Request-ID: 4c42c26738988d3a6cdd3c085d96ad87f7b2bd9d
Expires: Sat, 01 Jul 2023 15:25:33 GMT
Source-Age: 1

]
[2023-07-01 20:50:45,197: INFO: main: >>>>>> stage Data Ingestion Stage completed <<<<<<

x==========x]
[2023-07-09 13:14:38,800: INFO: common: yaml file: config/config.yaml loaded successfully]
[2023-07-09 13:14:38,803: INFO: common: yaml file: params.yaml loaded successfully]
[2023-07-09 13:14:38,805: INFO: 2804130089: Gettinng Raw Dataset ---->]
[2023-07-09 13:14:38,808: INFO: common: created directory at: src/YOLO_V8/data/raw_data]
[2023-07-09 13:14:38,811: INFO: common: created directory at: src/YOLO_V8/data/raw_data/labels]
[2023-07-09 13:14:38,813: INFO: 195688972: Start Getting Raw labels from artifacts/data_ingestion/PCBData/group00041.]
[2023-07-09 13:14:38,896: INFO: common: 221 Files copied from artifacts/data_ingestion/PCBData/group00041/labels to src/YOLO_V8/data/raw_data/labels.]
[2023-07-09 13:14:38,899: INFO: common: created directory at: src/YOLO_V8/data/raw_data/images]
[2023-07-09 13:14:38,902: INFO: 195688972: Start Getting Raw images from artifacts/data_ingestion/PCBData/group00041.]
[2023-07-09 13:14:39,037: INFO: common: 221 Files copied from artifacts/data_ingestion/PCBData/group00041/images to src/YOLO_V8/data/raw_data/images.]
[2023-07-09 13:14:39,042: INFO: common: already created directory: src/YOLO_V8/data/raw_data/labels]
[2023-07-09 13:14:39,049: INFO: 195688972: Start Getting Raw labels from artifacts/data_ingestion/PCBData/group90100.]
[2023-07-09 13:14:39,086: INFO: common: 74 Files copied from artifacts/data_ingestion/PCBData/group90100/labels to src/YOLO_V8/data/raw_data/labels.]
[2023-07-09 13:14:39,087: INFO: common: already created directory: src/YOLO_V8/data/raw_data/images]
[2023-07-09 13:14:39,089: INFO: 195688972: Start Getting Raw images from artifacts/data_ingestion/PCBData/group90100.]
[2023-07-09 13:14:39,135: INFO: common: 74 Files copied from artifacts/data_ingestion/PCBData/group90100/images to src/YOLO_V8/data/raw_data/images.]
[2023-07-09 13:14:39,138: INFO: common: already created directory: src/YOLO_V8/data/raw_data/labels]
[2023-07-09 13:14:39,145: INFO: 195688972: Start Getting Raw labels from artifacts/data_ingestion/PCBData/group77000.]
[2023-07-09 13:14:39,204: INFO: common: 107 Files copied from artifacts/data_ingestion/PCBData/group77000/labels to src/YOLO_V8/data/raw_data/labels.]
[2023-07-09 13:14:39,208: INFO: common: already created directory: src/YOLO_V8/data/raw_data/images]
[2023-07-09 13:14:39,214: INFO: 195688972: Start Getting Raw images from artifacts/data_ingestion/PCBData/group77000.]
[2023-07-09 13:14:39,307: INFO: common: 107 Files copied from artifacts/data_ingestion/PCBData/group77000/images to src/YOLO_V8/data/raw_data/images.]
[2023-07-09 13:14:39,312: INFO: common: already created directory: src/YOLO_V8/data/raw_data/labels]
[2023-07-09 13:14:39,319: INFO: 195688972: Start Getting Raw labels from artifacts/data_ingestion/PCBData/group50600.]
[2023-07-09 13:14:39,373: INFO: common: 79 Files copied from artifacts/data_ingestion/PCBData/group50600/labels to src/YOLO_V8/data/raw_data/labels.]
[2023-07-09 13:14:39,378: INFO: common: already created directory: src/YOLO_V8/data/raw_data/images]
[2023-07-09 13:14:39,386: INFO: 195688972: Start Getting Raw images from artifacts/data_ingestion/PCBData/group50600.]
[2023-07-09 13:14:39,470: INFO: common: 79 Files copied from artifacts/data_ingestion/PCBData/group50600/images to src/YOLO_V8/data/raw_data/images.]
[2023-07-09 13:14:39,474: INFO: common: already created directory: src/YOLO_V8/data/raw_data/labels]
[2023-07-09 13:14:39,478: INFO: 195688972: Start Getting Raw labels from artifacts/data_ingestion/PCBData/group12100.]
[2023-07-09 13:14:39,596: INFO: common: 146 Files copied from artifacts/data_ingestion/PCBData/group12100/labels to src/YOLO_V8/data/raw_data/labels.]
[2023-07-09 13:14:39,599: INFO: common: already created directory: src/YOLO_V8/data/raw_data/images]
[2023-07-09 13:14:39,601: INFO: 195688972: Start Getting Raw images from artifacts/data_ingestion/PCBData/group12100.]
[2023-07-09 13:14:39,706: INFO: common: 146 Files copied from artifacts/data_ingestion/PCBData/group12100/images to src/YOLO_V8/data/raw_data/images.]
[2023-07-09 13:14:39,708: INFO: common: already created directory: src/YOLO_V8/data/raw_data/labels]
[2023-07-09 13:14:39,713: INFO: 195688972: Start Getting Raw labels from artifacts/data_ingestion/PCBData/group12000.]
[2023-07-09 13:14:39,724: INFO: common: 14 Files copied from artifacts/data_ingestion/PCBData/group12000/labels to src/YOLO_V8/data/raw_data/labels.]
[2023-07-09 13:14:39,731: INFO: common: already created directory: src/YOLO_V8/data/raw_data/images]
[2023-07-09 13:14:39,734: INFO: 195688972: Start Getting Raw images from artifacts/data_ingestion/PCBData/group12000.]
[2023-07-09 13:14:39,744: INFO: common: 14 Files copied from artifacts/data_ingestion/PCBData/group12000/images to src/YOLO_V8/data/raw_data/images.]
[2023-07-09 13:14:39,748: INFO: common: already created directory: src/YOLO_V8/data/raw_data/labels]
[2023-07-09 13:14:39,750: INFO: 195688972: Start Getting Raw labels from artifacts/data_ingestion/PCBData/group92000.]
[2023-07-09 13:14:39,821: INFO: common: 120 Files copied from artifacts/data_ingestion/PCBData/group92000/labels to src/YOLO_V8/data/raw_data/labels.]
[2023-07-09 13:14:39,825: INFO: common: already created directory: src/YOLO_V8/data/raw_data/images]
[2023-07-09 13:14:39,834: INFO: 195688972: Start Getting Raw images from artifacts/data_ingestion/PCBData/group92000.]
[2023-07-09 13:14:39,888: INFO: common: 120 Files copied from artifacts/data_ingestion/PCBData/group92000/images to src/YOLO_V8/data/raw_data/images.]
[2023-07-09 13:14:39,891: INFO: common: already created directory: src/YOLO_V8/data/raw_data/labels]
[2023-07-09 13:14:39,894: INFO: 195688972: Start Getting Raw labels from artifacts/data_ingestion/PCBData/group13000.]
[2023-07-09 13:14:39,983: INFO: common: 216 Files copied from artifacts/data_ingestion/PCBData/group13000/labels to src/YOLO_V8/data/raw_data/labels.]
[2023-07-09 13:14:39,985: INFO: common: already created directory: src/YOLO_V8/data/raw_data/images]
[2023-07-09 13:14:39,988: INFO: 195688972: Start Getting Raw images from artifacts/data_ingestion/PCBData/group13000.]
[2023-07-09 13:14:40,087: INFO: common: 216 Files copied from artifacts/data_ingestion/PCBData/group13000/images to src/YOLO_V8/data/raw_data/images.]
[2023-07-09 13:14:40,089: INFO: common: already created directory: src/YOLO_V8/data/raw_data/labels]
[2023-07-09 13:14:40,091: INFO: 195688972: Start Getting Raw labels from artifacts/data_ingestion/PCBData/group44000.]
[2023-07-09 13:14:40,126: INFO: common: 100 Files copied from artifacts/data_ingestion/PCBData/group44000/labels to src/YOLO_V8/data/raw_data/labels.]
[2023-07-09 13:14:40,129: INFO: common: already created directory: src/YOLO_V8/data/raw_data/images]
[2023-07-09 13:14:40,133: INFO: 195688972: Start Getting Raw images from artifacts/data_ingestion/PCBData/group44000.]
[2023-07-09 13:14:40,173: INFO: common: 100 Files copied from artifacts/data_ingestion/PCBData/group44000/images to src/YOLO_V8/data/raw_data/images.]
[2023-07-09 13:14:40,175: INFO: common: already created directory: src/YOLO_V8/data/raw_data/labels]
[2023-07-09 13:14:40,179: INFO: 195688972: Start Getting Raw labels from artifacts/data_ingestion/PCBData/group20085.]
[2023-07-09 13:14:40,304: INFO: common: 325 Files copied from artifacts/data_ingestion/PCBData/group20085/labels to src/YOLO_V8/data/raw_data/labels.]
[2023-07-09 13:14:40,307: INFO: common: already created directory: src/YOLO_V8/data/raw_data/images]
[2023-07-09 13:14:40,318: INFO: 195688972: Start Getting Raw images from artifacts/data_ingestion/PCBData/group20085.]
[2023-07-09 13:14:40,491: INFO: common: 325 Files copied from artifacts/data_ingestion/PCBData/group20085/images to src/YOLO_V8/data/raw_data/images.]
[2023-07-09 13:14:40,498: INFO: common: already created directory: src/YOLO_V8/data/raw_data/labels]
[2023-07-09 13:14:40,501: INFO: 195688972: Start Getting Raw labels from artifacts/data_ingestion/PCBData/group12300.]
[2023-07-09 13:14:40,571: INFO: common: 98 Files copied from artifacts/data_ingestion/PCBData/group12300/labels to src/YOLO_V8/data/raw_data/labels.]
[2023-07-09 13:14:40,577: INFO: common: already created directory: src/YOLO_V8/data/raw_data/images]
[2023-07-09 13:14:40,582: INFO: 195688972: Start Getting Raw images from artifacts/data_ingestion/PCBData/group12300.]
[2023-07-09 13:14:40,674: INFO: common: 98 Files copied from artifacts/data_ingestion/PCBData/group12300/images to src/YOLO_V8/data/raw_data/images.]
[2023-07-09 13:14:40,683: INFO: 2804130089: Getting Processed Dataset ---->]
[2023-07-09 13:14:40,689: INFO: common: created directory at: src/YOLO_V8/data/processed_data]
[2023-07-09 13:14:40,691: INFO: common: created directory at: src/YOLO_V8/data/processed_data/labels]
[2023-07-09 13:14:40,700: INFO: 195688972: Start Getting Processed labels from src/YOLO_V8/data/raw_data/labels]
[2023-07-09 13:14:43,702: INFO: 195688972: 1500 labels files created from src/YOLO_V8/data/raw_data/labels to src/YOLO_V8/data/processed_data/labels.]
[2023-07-09 13:14:43,704: INFO: common: created directory at: src/YOLO_V8/data/processed_data/images]
[2023-07-09 13:14:43,706: INFO: 195688972: Start Getting Processed images from src/YOLO_V8/data/raw_data/images.]
[2023-07-09 13:14:44,237: INFO: common: 1500 Files copied from src/YOLO_V8/data/raw_data/images to src/YOLO_V8/data/processed_data/images.]
[2023-07-09 13:14:44,238: INFO: 2804130089: Getting Split Dataset ---->]
[2023-07-09 13:14:44,245: INFO: common: created directory at: src/YOLO_V8/data/split_data]
[2023-07-09 13:14:44,248: INFO: common: created directory at: src/YOLO_V8/data/split_data/train_data]
[2023-07-09 13:14:44,250: INFO: common: created directory at: src/YOLO_V8/data/split_data/val_data]
[2023-07-09 13:14:44,252: INFO: 195688972: Traning files = 1200 and Validation files = 300]
[2023-07-09 13:14:44,257: INFO: common: created directory at: src/YOLO_V8/data/split_data/train_data/labels]
[2023-07-09 13:14:44,266: INFO: common: created directory at: src/YOLO_V8/data/split_data/val_data/labels]
[2023-07-09 13:14:44,267: INFO: 195688972: Splitting labels files into src/YOLO_V8/data/split_data/train_data/labels and src/YOLO_V8/data/split_data/val_data/labels.]
[2023-07-09 13:14:44,269: INFO: 195688972: Creating training files ]
[2023-07-09 13:14:44,622: INFO: common: 1200 Files copied from src/YOLO_V8/data/processed_data/labels to src/YOLO_V8/data/split_data/train_data/labels.]
[2023-07-09 13:14:44,623: INFO: 195688972: Creating validation files ]
[2023-07-09 13:14:44,724: INFO: common: 300 Files copied from src/YOLO_V8/data/processed_data/labels to src/YOLO_V8/data/split_data/val_data/labels.]
[2023-07-09 13:14:44,730: INFO: common: created directory at: src/YOLO_V8/data/split_data/train_data/images]
[2023-07-09 13:14:44,732: INFO: common: created directory at: src/YOLO_V8/data/split_data/val_data/images]
[2023-07-09 13:14:44,735: INFO: 195688972: Splitting images files into src/YOLO_V8/data/split_data/train_data/images and src/YOLO_V8/data/split_data/val_data/images.]
[2023-07-09 13:14:44,738: INFO: 195688972: Creating training files ]
[2023-07-09 13:14:45,221: INFO: common: 1200 Files copied from src/YOLO_V8/data/processed_data/images to src/YOLO_V8/data/split_data/train_data/images.]
[2023-07-09 13:14:45,223: INFO: 195688972: Creating validation files ]
[2023-07-09 13:14:45,342: INFO: common: 300 Files copied from src/YOLO_V8/data/processed_data/images to src/YOLO_V8/data/split_data/val_data/images.]

[2023-07-09 13:54:21,317: INFO: main: >>>>>> stage Data Ingestion Stage started <<<<<<]
[2023-07-09 13:54:21,320: INFO: common: yaml file: config/config.yaml loaded successfully]
[2023-07-09 13:54:21,323: INFO: common: yaml file: params.yaml loaded successfully]
[2023-07-09 13:54:21,324: INFO: common: already created directory: artifacts]
[2023-07-09 13:54:21,324: INFO: common: already created directory: artifacts/data_ingestion]
[2023-07-09 13:54:21,325: INFO: data_ingestion: File already exists of size: ~ 34870 KB]
[2023-07-09 13:54:23,100: INFO: main: >>>>>> stage Data Ingestion Stage completed <<<<<<

x==========x]
[2023-07-10 13:11:52,588: INFO: main: >>>>>> stage Data Ingestion Stage started <<<<<<]
[2023-07-10 13:11:52,592: INFO: common: yaml file: config/config.yaml loaded successfully]
[2023-07-10 13:11:52,594: INFO: common: yaml file: params.yaml loaded successfully]
[2023-07-10 13:11:52,594: INFO: common: already created directory: artifacts]
[2023-07-10 13:11:52,595: INFO: common: already created directory: artifacts/data_ingestion]
[2023-07-10 13:11:52,595: INFO: data_ingestion: File already exists of size: ~ 34870 KB]
[2023-07-10 13:11:54,484: INFO: main: >>>>>> stage Data Ingestion Stage completed <<<<<<

x==========x]
[2023-07-10 13:11:54,484: INFO: main: >>>>>> stage Data Processing Stage started <<<<<<]
[2023-07-10 13:11:54,488: INFO: common: yaml file: config/config.yaml loaded successfully]
[2023-07-10 13:11:54,490: INFO: common: yaml file: params.yaml loaded successfully]
[2023-07-10 13:11:54,490: INFO: common: already created directory: artifacts]
[2023-07-10 13:11:54,492: INFO: common: created directory at: artifacts/data_processing/raw_data]
[2023-07-10 13:11:54,494: INFO: common: created directory at: artifacts/data_processing/processed_data]
[2023-07-10 13:11:54,494: INFO: common: created directory at: artifacts/data_processing/split_data]
[2023-07-10 13:11:54,494: INFO: stage_02_data_processing: Gettinng Raw Dataset ---->]
[2023-07-10 13:11:54,495: INFO: common: created directory at: artifacts/data_processing/raw_data/labels]
[2023-07-10 13:11:54,495: INFO: data_processing: Start Getting Raw labels from artifacts/data_ingestion/PCBData/group00041.]
[2023-07-10 13:11:54,577: INFO: common: 221 Files copied from artifacts/data_ingestion/PCBData/group00041/labels to artifacts/data_processing/raw_data/labels.]
[2023-07-10 13:11:54,577: INFO: common: created directory at: artifacts/data_processing/raw_data/images]
[2023-07-10 13:11:54,578: INFO: data_processing: Start Getting Raw images from artifacts/data_ingestion/PCBData/group00041.]
[2023-07-10 13:11:54,655: INFO: common: 221 Files copied from artifacts/data_ingestion/PCBData/group00041/images to artifacts/data_processing/raw_data/images.]
[2023-07-10 13:11:54,656: INFO: common: already created directory: artifacts/data_processing/raw_data/labels]
[2023-07-10 13:11:54,657: INFO: data_processing: Start Getting Raw labels from artifacts/data_ingestion/PCBData/group90100.]
[2023-07-10 13:11:54,684: INFO: common: 74 Files copied from artifacts/data_ingestion/PCBData/group90100/labels to artifacts/data_processing/raw_data/labels.]
[2023-07-10 13:11:54,684: INFO: common: already created directory: artifacts/data_processing/raw_data/images]
[2023-07-10 13:11:54,684: INFO: data_processing: Start Getting Raw images from artifacts/data_ingestion/PCBData/group90100.]
[2023-07-10 13:11:54,710: INFO: common: 74 Files copied from artifacts/data_ingestion/PCBData/group90100/images to artifacts/data_processing/raw_data/images.]
[2023-07-10 13:11:54,710: INFO: common: already created directory: artifacts/data_processing/raw_data/labels]
[2023-07-10 13:11:54,710: INFO: data_processing: Start Getting Raw labels from artifacts/data_ingestion/PCBData/group77000.]
[2023-07-10 13:11:54,748: INFO: common: 107 Files copied from artifacts/data_ingestion/PCBData/group77000/labels to artifacts/data_processing/raw_data/labels.]
[2023-07-10 13:11:54,749: INFO: common: already created directory: artifacts/data_processing/raw_data/images]
[2023-07-10 13:11:54,749: INFO: data_processing: Start Getting Raw images from artifacts/data_ingestion/PCBData/group77000.]
[2023-07-10 13:11:54,793: INFO: common: 107 Files copied from artifacts/data_ingestion/PCBData/group77000/images to artifacts/data_processing/raw_data/images.]
[2023-07-10 13:11:54,793: INFO: common: already created directory: artifacts/data_processing/raw_data/labels]
[2023-07-10 13:11:54,794: INFO: data_processing: Start Getting Raw labels from artifacts/data_ingestion/PCBData/group50600.]
[2023-07-10 13:11:54,825: INFO: common: 79 Files copied from artifacts/data_ingestion/PCBData/group50600/labels to artifacts/data_processing/raw_data/labels.]
[2023-07-10 13:11:54,825: INFO: common: already created directory: artifacts/data_processing/raw_data/images]
[2023-07-10 13:11:54,825: INFO: data_processing: Start Getting Raw images from artifacts/data_ingestion/PCBData/group50600.]
[2023-07-10 13:11:54,864: INFO: common: 79 Files copied from artifacts/data_ingestion/PCBData/group50600/images to artifacts/data_processing/raw_data/images.]
[2023-07-10 13:11:54,865: INFO: common: already created directory: artifacts/data_processing/raw_data/labels]
[2023-07-10 13:11:54,866: INFO: data_processing: Start Getting Raw labels from artifacts/data_ingestion/PCBData/group12100.]
[2023-07-10 13:11:54,911: INFO: common: 146 Files copied from artifacts/data_ingestion/PCBData/group12100/labels to artifacts/data_processing/raw_data/labels.]
[2023-07-10 13:11:54,912: INFO: common: already created directory: artifacts/data_processing/raw_data/images]
[2023-07-10 13:11:54,912: INFO: data_processing: Start Getting Raw images from artifacts/data_ingestion/PCBData/group12100.]
[2023-07-10 13:11:54,973: INFO: common: 146 Files copied from artifacts/data_ingestion/PCBData/group12100/images to artifacts/data_processing/raw_data/images.]
[2023-07-10 13:11:54,975: INFO: common: already created directory: artifacts/data_processing/raw_data/labels]
[2023-07-10 13:11:54,975: INFO: data_processing: Start Getting Raw labels from artifacts/data_ingestion/PCBData/group12000.]
[2023-07-10 13:11:54,980: INFO: common: 14 Files copied from artifacts/data_ingestion/PCBData/group12000/labels to artifacts/data_processing/raw_data/labels.]
[2023-07-10 13:11:54,981: INFO: common: already created directory: artifacts/data_processing/raw_data/images]
[2023-07-10 13:11:54,981: INFO: data_processing: Start Getting Raw images from artifacts/data_ingestion/PCBData/group12000.]
[2023-07-10 13:11:54,987: INFO: common: 14 Files copied from artifacts/data_ingestion/PCBData/group12000/images to artifacts/data_processing/raw_data/images.]
[2023-07-10 13:11:54,988: INFO: common: already created directory: artifacts/data_processing/raw_data/labels]
[2023-07-10 13:11:54,988: INFO: data_processing: Start Getting Raw labels from artifacts/data_ingestion/PCBData/group92000.]
[2023-07-10 13:11:55,025: INFO: common: 120 Files copied from artifacts/data_ingestion/PCBData/group92000/labels to artifacts/data_processing/raw_data/labels.]
[2023-07-10 13:11:55,026: INFO: common: already created directory: artifacts/data_processing/raw_data/images]
[2023-07-10 13:11:55,027: INFO: data_processing: Start Getting Raw images from artifacts/data_ingestion/PCBData/group92000.]
[2023-07-10 13:11:55,088: INFO: common: 120 Files copied from artifacts/data_ingestion/PCBData/group92000/images to artifacts/data_processing/raw_data/images.]
[2023-07-10 13:11:55,092: INFO: common: already created directory: artifacts/data_processing/raw_data/labels]
[2023-07-10 13:11:55,095: INFO: data_processing: Start Getting Raw labels from artifacts/data_ingestion/PCBData/group13000.]
[2023-07-10 13:11:55,193: INFO: common: 216 Files copied from artifacts/data_ingestion/PCBData/group13000/labels to artifacts/data_processing/raw_data/labels.]
[2023-07-10 13:11:55,195: INFO: common: already created directory: artifacts/data_processing/raw_data/images]
[2023-07-10 13:11:55,196: INFO: data_processing: Start Getting Raw images from artifacts/data_ingestion/PCBData/group13000.]
[2023-07-10 13:11:55,309: INFO: common: 216 Files copied from artifacts/data_ingestion/PCBData/group13000/images to artifacts/data_processing/raw_data/images.]
[2023-07-10 13:11:55,310: INFO: common: already created directory: artifacts/data_processing/raw_data/labels]
[2023-07-10 13:11:55,310: INFO: data_processing: Start Getting Raw labels from artifacts/data_ingestion/PCBData/group44000.]
[2023-07-10 13:11:55,350: INFO: common: 100 Files copied from artifacts/data_ingestion/PCBData/group44000/labels to artifacts/data_processing/raw_data/labels.]
[2023-07-10 13:11:55,351: INFO: common: already created directory: artifacts/data_processing/raw_data/images]
[2023-07-10 13:11:55,351: INFO: data_processing: Start Getting Raw images from artifacts/data_ingestion/PCBData/group44000.]
[2023-07-10 13:11:55,396: INFO: common: 100 Files copied from artifacts/data_ingestion/PCBData/group44000/images to artifacts/data_processing/raw_data/images.]
[2023-07-10 13:11:55,396: INFO: common: already created directory: artifacts/data_processing/raw_data/labels]
[2023-07-10 13:11:55,397: INFO: data_processing: Start Getting Raw labels from artifacts/data_ingestion/PCBData/group20085.]
[2023-07-10 13:11:55,534: INFO: common: 325 Files copied from artifacts/data_ingestion/PCBData/group20085/labels to artifacts/data_processing/raw_data/labels.]
[2023-07-10 13:11:55,534: INFO: common: already created directory: artifacts/data_processing/raw_data/images]
[2023-07-10 13:11:55,535: INFO: data_processing: Start Getting Raw images from artifacts/data_ingestion/PCBData/group20085.]
[2023-07-10 13:11:55,688: INFO: common: 325 Files copied from artifacts/data_ingestion/PCBData/group20085/images to artifacts/data_processing/raw_data/images.]
[2023-07-10 13:11:55,688: INFO: common: already created directory: artifacts/data_processing/raw_data/labels]
[2023-07-10 13:11:55,689: INFO: data_processing: Start Getting Raw labels from artifacts/data_ingestion/PCBData/group12300.]
[2023-07-10 13:11:55,729: INFO: common: 98 Files copied from artifacts/data_ingestion/PCBData/group12300/labels to artifacts/data_processing/raw_data/labels.]
[2023-07-10 13:11:55,730: INFO: common: already created directory: artifacts/data_processing/raw_data/images]
[2023-07-10 13:11:55,731: INFO: data_processing: Start Getting Raw images from artifacts/data_ingestion/PCBData/group12300.]
[2023-07-10 13:11:55,790: INFO: common: 98 Files copied from artifacts/data_ingestion/PCBData/group12300/images to artifacts/data_processing/raw_data/images.]
[2023-07-10 13:11:55,791: INFO: stage_02_data_processing: Getting Processed Dataset ---->]
[2023-07-10 13:11:55,792: INFO: common: created directory at: artifacts/data_processing/processed_data/labels]
[2023-07-10 13:11:55,792: INFO: data_processing: Start Getting Processed labels from artifacts/data_processing/raw_data/labels]
[2023-07-10 13:11:57,758: INFO: data_processing: 1500 labels files created from artifacts/data_processing/raw_data/labels to artifacts/data_processing/processed_data/labels.]
[2023-07-10 13:11:57,758: INFO: common: created directory at: artifacts/data_processing/processed_data/images]
[2023-07-10 13:11:57,760: INFO: data_processing: Start Getting Processed images from artifacts/data_processing/raw_data/images.]
[2023-07-10 13:11:58,136: INFO: common: 1500 Files copied from artifacts/data_processing/raw_data/images to artifacts/data_processing/processed_data/images.]
[2023-07-10 13:11:58,137: INFO: stage_02_data_processing: Getting Split Dataset ---->]
[2023-07-10 13:11:58,141: INFO: common: created directory at: artifacts/data_processing/split_data/train_data]
[2023-07-10 13:11:58,142: INFO: common: created directory at: artifacts/data_processing/split_data/val_data]
[2023-07-10 13:11:58,143: INFO: data_processing: Traning files = 1200 and Validation files = 300]
[2023-07-10 13:11:58,143: INFO: common: created directory at: artifacts/data_processing/split_data/train_data/labels]
[2023-07-10 13:11:58,143: INFO: common: created directory at: artifacts/data_processing/split_data/val_data/labels]
[2023-07-10 13:11:58,144: INFO: data_processing: Splitting labels files into artifacts/data_processing/split_data/train_data/labels and artifacts/data_processing/split_data/val_data/labels.]
[2023-07-10 13:11:58,144: INFO: data_processing: Creating training files ]
[2023-07-10 13:11:58,423: INFO: common: 1200 Files copied from artifacts/data_processing/processed_data/labels to artifacts/data_processing/split_data/train_data/labels.]
[2023-07-10 13:11:58,423: INFO: data_processing: Creating validation files ]
[2023-07-10 13:11:58,512: INFO: common: 300 Files copied from artifacts/data_processing/processed_data/labels to artifacts/data_processing/split_data/val_data/labels.]
[2023-07-10 13:11:58,513: INFO: common: created directory at: artifacts/data_processing/split_data/train_data/images]
[2023-07-10 13:11:58,513: INFO: common: created directory at: artifacts/data_processing/split_data/val_data/images]
[2023-07-10 13:11:58,513: INFO: data_processing: Splitting images files into artifacts/data_processing/split_data/train_data/images and artifacts/data_processing/split_data/val_data/images.]
[2023-07-10 13:11:58,514: INFO: data_processing: Creating training files ]
[2023-07-10 13:11:58,845: INFO: common: 1200 Files copied from artifacts/data_processing/processed_data/images to artifacts/data_processing/split_data/train_data/images.]
[2023-07-10 13:11:58,845: INFO: data_processing: Creating validation files ]
[2023-07-10 13:11:58,936: INFO: common: 300 Files copied from artifacts/data_processing/processed_data/images to artifacts/data_processing/split_data/val_data/images.]
[2023-07-10 13:11:58,936: INFO: main: >>>>>> stage Data Processing Stage completed <<<<<<

x==========x]
